<?xml version="1.0" encoding="UTF-8"?>
<!-- Generated by org.testng.reporters.JUnitReportReporter -->
<testsuite hostname="DESKTOP-PP8RICL" failures="0" tests="1" name="testCases.TC002_LoginTest" time="20.326" errors="0" timestamp="2024-09-26T20:58:02 BDT" skipped="0">
  <testcase classname="testCases.TC002_LoginTest" name="verify_loginTest" time="20.326"/>
</testsuite> <!-- testCases.TC002_LoginTest -->
