<?xml version="1.0" encoding="UTF-8"?>
<!-- Generated by org.testng.reporters.JUnitReportReporter -->
<testsuite hostname="DESKTOP-PP8RICL" failures="0" tests="1" name="testCases.TC004_CheckoutTest" time="89.455" errors="0" timestamp="2024-09-29T14:27:54 BDT" skipped="0">
  <testcase classname="testCases.TC004_CheckoutTest" name="verify_cartValidation" time="89.455"/>
</testsuite> <!-- testCases.TC004_CheckoutTest -->
