<?xml version="1.0" encoding="UTF-8"?>
<!-- Generated by org.testng.reporters.JUnitReportReporter -->
<testsuite hostname="DESKTOP-PP8RICL" failures="0" tests="1" name="testCases.TC001_AccountRegistrationTest" time="8.063" errors="0" timestamp="2024-09-29T14:27:54 BDT" skipped="0">
  <testcase classname="testCases.TC001_AccountRegistrationTest" name="verify_accRegistration" time="8.063"/>
</testsuite> <!-- testCases.TC001_AccountRegistrationTest -->
