<?xml version="1.0" encoding="UTF-8"?>
<!-- Generated by org.testng.reporters.JUnitReportReporter -->
<testsuite hostname="DESKTOP-PP8RICL" failures="0" tests="1" name="testCases.TC001_AccountRegistrationTest" time="47.018" errors="0" timestamp="2024-09-26T20:58:02 BDT" skipped="0">
  <testcase classname="testCases.TC001_AccountRegistrationTest" name="verify_accRegistration" time="47.018"/>
</testsuite> <!-- testCases.TC001_AccountRegistrationTest -->
