<?xml version="1.0" encoding="UTF-8"?>
<!-- Generated by org.testng.reporters.JUnitReportReporter -->
<testsuite hostname="DESKTOP-PP8RICL" failures="0" tests="1" name="testCases.TC003_CartValidationTest" time="20.365" errors="0" timestamp="2024-09-29T14:46:59 BDT" skipped="0">
  <testcase classname="testCases.TC003_CartValidationTest" name="verify_cartValidation" time="20.365"/>
</testsuite> <!-- testCases.TC003_CartValidationTest -->
