<?xml version="1.0" encoding="UTF-8"?>
<!-- Generated by org.testng.reporters.JUnitReportReporter -->
<testsuite hostname="DESKTOP-PP8RICL" failures="0" tests="1" name="testCases.TC001_AccountRegistrationTest" time="18.724" errors="0" timestamp="2024-09-26T21:12:15 BDT" skipped="0">
  <testcase classname="testCases.TC001_AccountRegistrationTest" name="verify_accRegistration" time="18.724"/>
</testsuite> <!-- testCases.TC001_AccountRegistrationTest -->
