<?xml version="1.0" encoding="UTF-8"?>
<!-- Generated by org.testng.reporters.JUnitReportReporter -->
<testsuite hostname="DESKTOP-PP8RICL" failures="0" tests="1" name="testCases.TC002_LoginTest" time="7.594" errors="0" timestamp="2024-09-23T19:12:03 BDT" skipped="0">
  <testcase classname="testCases.TC002_LoginTest" name="verify_loginTest" time="7.594"/>
</testsuite> <!-- testCases.TC002_LoginTest -->
