<?xml version="1.0" encoding="UTF-8"?>
<!-- Generated by org.testng.reporters.JUnitReportReporter -->
<testsuite hostname="DESKTOP-PP8RICL" failures="0" tests="1" name="testCases.TC001_AccountRegistrationTest" time="14.661" errors="0" timestamp="2024-09-23T19:12:03 BDT" skipped="0">
  <testcase classname="testCases.TC001_AccountRegistrationTest" name="verify_accRegistration" time="14.661"/>
</testsuite> <!-- testCases.TC001_AccountRegistrationTest -->
