<?xml version="1.0" encoding="UTF-8"?>
<!-- Generated by org.testng.reporters.JUnitReportReporter -->
<testsuite hostname="DESKTOP-PP8RICL" failures="0" tests="1" name="testCases.TC001_AccountRegistrationTest" time="7.240" errors="0" timestamp="2024-09-29T15:27:38 BDT" skipped="0">
  <testcase classname="testCases.TC001_AccountRegistrationTest" name="verify_accRegistration" time="7.240"/>
</testsuite> <!-- testCases.TC001_AccountRegistrationTest -->
